=== DBI Started: ./installation_prepare.sql

Create Temp Publicly Updateable Table

Table created.


Grant succeeded.


Synonym created.


Check for Prerequisite BUILD_TYPEs
Prerequisite BUILD_TYPEs for "grbtctx"
WARNING: Prerequisite BUILD_TYPE "grbendp" not found in ODBCAPTURE_INSTALLATION_LOGS table.
 -) "grbjava" last loaded on 21-Aug-2024 20:41:18
 -) "grbras" last loaded on 21-Aug-2024 20:41:10
 -) "grbsdo" last loaded on 21-Aug-2024 20:41:26
 -) "grbsrc" last loaded on 21-Aug-2024 20:41:01
 -) "grbtst" last loaded on 21-Aug-2024 20:42:01

PL/SQL procedure successfully completed.

=== DBI Completed at 2024-08-21T20:42:55 for a duration of .16 seconds (started at 2024-08-21T20:42:55)
=== DBI Started: ODBCTEST/CUST_CTX_TEST.tbl

Table created.

=== DBI Completed at 2024-08-21T20:42:55 for a duration of .06 seconds (started at 2024-08-21T20:42:55)
=== DBI Started: ODBCTEST/CUST_CTX_TEST.cldr

Disable Triggers and Foreign Keys

PL/SQL procedure successfully completed.


sqlldr_control=ODBCTEST/CUST_CTX_TEST.ctl


PL/SQL procedure successfully completed.

=== DBI Completed at 2024-08-21T20:42:59 for a duration of 3.8 seconds (started at 2024-08-21T20:42:55)
=== DBI Started: ODBCTEST/CUST_CTX_TEST.tidx

Index created.

=== DBI Completed at 2024-08-21T20:43:06 for a duration of 7.08 seconds (started at 2024-08-21T20:42:59)
=== DBI Started: ./installation_finalize.sql

Drop Temp Publicly Updateable Table

Synonym dropped.


Table dropped.


fix_invalid_public_synonyms

Re-create Invalid Public Synonyms

PL/SQL procedure successfully completed.


compile_all
Compile All started
alter java source "ODBCTEST"."DirUtil" compile;
ODBCTEST Compiled.
Compile All is done.

PL/SQL procedure successfully completed.


alter_foreign_keys_ENABLE
Alter Foreign Keys started.
  ENABLE 'ODBCTEST'
Alter Foreign Keys is done.

PL/SQL procedure successfully completed.


alter_triggers_ENABLE
Alter Triggers started.
  ENABLE 'ODBCTEST'
Alter Triggers is done.

PL/SQL procedure successfully completed.


update_id_sequences
Update ID Sequences started
Identity Sequence Updates is done.

PL/SQL procedure successfully completed.


Switch Spooling Off
