=== DBI Started: SYS/GRB_TEST_ROLE.role

Role created.

=== DBI Completed at 2024-08-21T20:41:38 for a duration of .08 seconds (started at 2024-08-21T20:41:38)
=== DBI Started: SYS/ODBCTEST.user

User created.

XS Admin Grant "ADMIN_ANY_SEC_POLICY" to "ODBCTEST"

PL/SQL procedure successfully completed.

XS Admin Cloud Grant "ADMIN_ANY_SEC_POLICY" to "ODBCTEST"

PL/SQL procedure successfully completed.

XS Admin Grant "PROVISION" to "ODBCTEST"

PL/SQL procedure successfully completed.

XS Admin Cloud Grant "PROVISION" to "ODBCTEST"

PL/SQL procedure successfully completed.

=== DBI Completed at 2024-08-21T20:41:38 for a duration of .24 seconds (started at 2024-08-21T20:41:38)
=== DBI Started: SYS/host1.hacl

PL/SQL procedure successfully completed.

=== DBI Completed at 2024-08-21T20:41:38 for a duration of .16 seconds (started at 2024-08-21T20:41:38)
=== DBI Started: SYS/host2.hacl

PL/SQL procedure successfully completed.


PL/SQL procedure successfully completed.

=== DBI Completed at 2024-08-21T20:41:39 for a duration of .14 seconds (started at 2024-08-21T20:41:38)
=== DBI Started: SYS/odbctest_host.hacl

PL/SQL procedure successfully completed.

=== DBI Completed at 2024-08-21T20:41:39 for a duration of .11 seconds (started at 2024-08-21T20:41:39)
=== DBI Started: SYS/_opt_install_files_oracle_wallet.wacl

PL/SQL procedure successfully completed.

=== DBI Completed at 2024-08-21T20:41:39 for a duration of .08 seconds (started at 2024-08-21T20:41:39)
=== DBI Started: SYS/_var_opt_install_files_oracle_wallet.wacl

PL/SQL procedure successfully completed.

=== DBI Completed at 2024-08-21T20:41:39 for a duration of .13 seconds (started at 2024-08-21T20:41:39)
