
SQL*Loader: Release 18.0.0.0.0 - Production on Wed Aug 7 20:58:02 2024
Version 18.4.0.0.0

Copyright (c) 1982, 2019, Oracle and/or its affiliates.  All rights reserved.

Control File:   ODBCAPTURE/BUILD_PATH.ctl
Data File:      ODBCAPTURE/BUILD_PATH.csv
  Bad File:     ODBCAPTURE/BUILD_PATH.bad
  Discard File:  none specified
 
 (Allow all discards)

Number to load: ALL
Number to skip: 1
Errors allowed: 50
Bind array:     250 rows, maximum of 1048576 bytes
Continuation:    none specified
Path used:      Conventional
Silent options: FEEDBACK
Table "ODBCAPTURE"."BUILD_PATH", loaded from every logical record.
Insert option in effect for this table: APPEND
TRAILING NULLCOLS option in effect

   Column Name                  Position   Len  Term Encl Datatype
------------------------------ ---------- ----- ---- ---- ---------------------
PARENT_BUILD_SEQ                    FIRST     *   ,  O(") CHARACTER            
BUILD_SEQ                            NEXT     *   ,  O(") CHARACTER            


Table "ODBCAPTURE"."BUILD_PATH":
  10 Rows successfully loaded.
  0 Rows not loaded due to data errors.
  0 Rows not loaded because all WHEN clauses were failed.
  0 Rows not loaded because all fields were null.


Space allocated for bind array:                 129000 bytes(250 rows)
Read   buffer bytes: 1048576

Total logical records skipped:          1
Total logical records read:            10
Total logical records rejected:         0
Total logical records discarded:        0

Run began on Wed Aug 07 20:58:02 2024
Run ended on Wed Aug 07 20:58:03 2024

Elapsed time was:     00:00:01.06
CPU time was:         00:00:00.25
