=== DBI Started: SYS/GRB_TEST_ROLE.role

Role created.

=== DBI Completed at 2024-08-07T20:59:10 for a duration of .11 seconds (started at 2024-08-07T20:59:10)
=== DBI Started: SYS/ODBCTEST.user

User created.

XS Admin Grant "ADMIN_ANY_SEC_POLICY" to "ODBCTEST"

PL/SQL procedure successfully completed.

XS Admin Cloud Grant "ADMIN_ANY_SEC_POLICY" to "ODBCTEST"

PL/SQL procedure successfully completed.

XS Admin Grant "PROVISION" to "ODBCTEST"

PL/SQL procedure successfully completed.

XS Admin Cloud Grant "PROVISION" to "ODBCTEST"

PL/SQL procedure successfully completed.

=== DBI Completed at 2024-08-07T20:59:10 for a duration of .17 seconds (started at 2024-08-07T20:59:10)
=== DBI Started: SYS/host1.hacl

PL/SQL procedure successfully completed.

=== DBI Completed at 2024-08-07T20:59:11 for a duration of .3 seconds (started at 2024-08-07T20:59:10)
=== DBI Started: SYS/host2.hacl

PL/SQL procedure successfully completed.


PL/SQL procedure successfully completed.

=== DBI Completed at 2024-08-07T20:59:11 for a duration of .17 seconds (started at 2024-08-07T20:59:11)
=== DBI Started: SYS/odbctest_host.hacl

PL/SQL procedure successfully completed.

=== DBI Completed at 2024-08-07T20:59:11 for a duration of .11 seconds (started at 2024-08-07T20:59:11)
=== DBI Started: SYS/_opt_install_files_oracle_wallet.wacl

PL/SQL procedure successfully completed.

=== DBI Completed at 2024-08-07T20:59:11 for a duration of .07 seconds (started at 2024-08-07T20:59:11)
=== DBI Started: SYS/_var_opt_install_files_oracle_wallet.wacl

PL/SQL procedure successfully completed.

=== DBI Completed at 2024-08-07T20:59:11 for a duration of .04 seconds (started at 2024-08-07T20:59:11)
