


No data found





delete from "ADMIN"."ODBCAPTURE_INSTALLATION_LOGS"


ORA-00942: table or view "ADMIN"."ODBCAPTURE_INSTALLATION_LOGS" does not exist


PL/SQL procedure successfully completed.

Elapsed: 00:00:00.009





Drop Index COLA_SPATIAL_IDX


ORA-01418: specified index does not exist


PL/SQL procedure successfully completed.

Elapsed: 00:00:00.008


0 rows deleted.

Elapsed: 00:00:00.008





Drop Principal Roles


xs_principal.delete_principal "GRB_TEST_USER_02"
ORA-46215: The Real Application Security (RAS or XS) object by the name
"GRB_TEST_USER_02" does not exist.
xs_principal.delete_principal "GRB_TEST_USER_01"
ORA-46215: The Real Application Security (RAS or XS) object by the name
"GRB_TEST_USER_01" does not exist.
xs_principal.delete_principal "GRB_TEST_ROLE_01"
ORA-46215: The Real Application Security (RAS or XS) object by the name
"GRB_TEST_ROLE_01" does not exist.


PL/SQL procedure successfully completed.

Elapsed: 00:00:00.019





Drop Schema


PL/SQL procedure successfully completed.

Elapsed: 00:00:00.046





Drop Role


PL/SQL procedure successfully completed.

Elapsed: 00:00:00.016