
SQL*Loader: Release 19.0.0.0.0 - Production on Wed Aug 7 20:48:51 2024
Version 19.22.0.0.0

Copyright (c) 1982, 2024, Oracle and/or its affiliates.  All rights reserved.

Control File:   ODBCAPTURE/GRBTST_JSON.ctl
Data File:      ODBCAPTURE/GRBTST_JSON.csv
  Bad File:     ODBCAPTURE/GRBTST_JSON.bad
  Discard File:  none specified
 
 (Allow all discards)

Number to load: ALL
Number to skip: 1
Errors allowed: 50
Bind array:     250 rows, maximum of 1048576 bytes
Continuation:    none specified
Path used:      Conventional
Silent options: FEEDBACK
Table "ODBCAPTURE"."GRBTST_JSON", loaded from every logical record.
Insert option in effect for this table: APPEND
TRAILING NULLCOLS option in effect

   Column Name                  Position   Len  Term Encl Datatype
------------------------------ ---------- ----- ---- ---- ---------------------
ID                                  FIRST     *   ,  O(") CHARACTER            
JSON_DATA                            NEXT *****   ,  O(") CHARACTER            
    Maximum field length is 1048576

value used for ROWS parameter changed from 250 to 1

Table "ODBCAPTURE"."GRBTST_JSON":
  3 Rows successfully loaded.
  0 Rows not loaded due to data errors.
  0 Rows not loaded because all WHEN clauses were failed.
  0 Rows not loaded because all fields were null.


Space allocated for bind array:                1048838 bytes(1 rows)
Read   buffer bytes: 1048576

Total logical records skipped:          1
Total logical records read:             3
Total logical records rejected:         0
Total logical records discarded:        0

Run began on Wed Aug 07 20:48:51 2024
Run ended on Wed Aug 07 20:48:53 2024

Elapsed time was:     00:00:01.97
CPU time was:         00:00:00.53
