
SQL*Loader: Release 19.0.0.0.0 - Production on Tue Aug 20 17:26:01 2024
Version 19.22.0.0.0

Copyright (c) 1982, 2024, Oracle and/or its affiliates.  All rights reserved.

Control File:   ODBCAPTURE/GRBTST__NAME.ctl
Data File:      ODBCAPTURE/GRBTST__NAME.csv
  Bad File:     ODBCAPTURE/GRBTST__NAME.bad
  Discard File:  none specified
 
 (Allow all discards)

Number to load: ALL
Number to skip: 1
Errors allowed: 50
Bind array:     250 rows, maximum of 1048576 bytes
Continuation:    none specified
Path used:      Conventional
Silent options: FEEDBACK
Table "ODBCAPTURE"."GRBTST_$NAME", loaded from every logical record.
Insert option in effect for this table: APPEND
TRAILING NULLCOLS option in effect

   Column Name                  Position   Len  Term Encl Datatype
------------------------------ ---------- ----- ---- ---- ---------------------
C1                                  FIRST    20   ,  O(") CHARACTER            
ID                                   NEXT     *   ,  O(") CHARACTER            


Table "ODBCAPTURE"."GRBTST_$NAME":
  2 Rows successfully loaded.
  0 Rows not loaded due to data errors.
  0 Rows not loaded because all WHEN clauses were failed.
  0 Rows not loaded because all fields were null.


Space allocated for bind array:                  70000 bytes(250 rows)
Read   buffer bytes: 1048576

Total logical records skipped:          1
Total logical records read:             2
Total logical records rejected:         0
Total logical records discarded:        0

Run began on Tue Aug 20 17:26:01 2024
Run ended on Tue Aug 20 17:26:01 2024

Elapsed time was:     00:00:00.67
CPU time was:         00:00:00.12
